This file contains any messages produced by compilers while
running configure, to aid debugging if configure makes a mistake.

It was created by FULL-PACKAGE-NAME configure VERSION, which was
generated by GNU Autoconf 2.69.  Invocation command line was

  $ ./configure --host=arm-linux

## --------- ##
## Platform. ##
## --------- ##

hostname = gog
uname -m = x86_64
uname -r = 5.13.2-051302-generic
uname -s = Linux
uname -v = #202107141437 SMP Wed Jul 14 18:40:02 UTC 2021

/usr/bin/uname -p = unknown
/bin/uname -X     = unknown

/bin/arch              = unknown
/usr/bin/arch -k       = unknown
/usr/convex/getsysinfo = unknown
/usr/bin/hostinfo      = unknown
/bin/machine           = unknown
/usr/bin/oslevel       = unknown
/bin/universe          = unknown

PATH: /home/amneiht/app/arm-amneiht-linux-uclibcgnueabihf_sdk-buildroot/bin
PATH: /usr/local/sbin
PATH: /usr/local/bin
PATH: /usr/sbin
PATH: /usr/bin
PATH: /sbin
PATH: /bin
PATH: /usr/games
PATH: /usr/local/games
PATH: /snap/bin
PATH: /usr/local/bin


## ----------- ##
## Core tests. ##
## ----------- ##

configure:2038: checking for a BSD-compatible install
configure:2106: result: /usr/bin/install -c
configure:2117: checking whether build environment is sane
configure:2172: result: yes
configure:2229: checking for arm-linux-strip
configure:2245: found /home/amneiht/app/arm-amneiht-linux-uclibcgnueabihf_sdk-buildroot/bin/arm-linux-strip
configure:2256: result: arm-linux-strip
configure:2321: checking for a thread-safe mkdir -p
configure:2360: result: /bin/mkdir -p
configure:2367: checking for gawk
configure:2383: found /usr/bin/gawk
configure:2394: result: gawk
configure:2405: checking whether make sets $(MAKE)
configure:2427: result: yes
configure:2456: checking whether make supports nested variables
configure:2473: result: yes
configure:2611: checking whether make supports nested variables
configure:2628: result: yes
configure:2648: checking for arm-linux-gcc
configure:2664: found /home/amneiht/app/arm-amneiht-linux-uclibcgnueabihf_sdk-buildroot/bin/arm-linux-gcc
configure:2675: result: arm-linux-gcc
configure:2944: checking for C compiler version
configure:2953: arm-linux-gcc --version >&5
arm-linux-gcc.br_real (Buildroot 2020.05-git-00196-g3a630c5759-dirty) 8.3.0
Copyright (C) 2018 Free Software Foundation, Inc.
This is free software; see the source for copying conditions.  There is NO
warranty; not even for MERCHANTABILITY or FITNESS FOR A PARTICULAR PURPOSE.

configure:2964: $? = 0
configure:2953: arm-linux-gcc -v >&5
Using built-in specs.
COLLECT_GCC=/home/amneiht/app/arm-amneiht-linux-uclibcgnueabihf_sdk-buildroot/bin/arm-linux-gcc.br_real
COLLECT_LTO_WRAPPER=/home/amneiht/app/arm-amneiht-linux-uclibcgnueabihf_sdk-buildroot/bin/../libexec/gcc/arm-amneiht-linux-uclibcgnueabihf/8.3.0/lto-wrapper
Target: arm-amneiht-linux-uclibcgnueabihf
Configured with: ./configure --prefix=/home/kdich/workspace/Dev/Zynq/buildroot/output_fax/host --sysconfdir=/home/kdich/workspace/Dev/Zynq/buildroot/output_fax/host/etc --enable-static --target=arm-amneiht-linux-uclibcgnueabihf --with-sysroot=/home/kdich/workspace/Dev/Zynq/buildroot/output_fax/host/arm-amneiht-linux-uclibcgnueabihf/sysroot --enable-__cxa_atexit --with-gnu-ld --disable-libssp --disable-multilib --disable-decimal-float --with-gmp=/home/kdich/workspace/Dev/Zynq/buildroot/output_fax/host --with-mpc=/home/kdich/workspace/Dev/Zynq/buildroot/output_fax/host --with-mpfr=/home/kdich/workspace/Dev/Zynq/buildroot/output_fax/host --with-pkgversion='Buildroot 2020.05-git-00196-g3a630c5759-dirty' --with-bugurl=http://bugs.buildroot.net/ --disable-libquadmath --disable-libsanitizer --enable-tls --enable-threads --without-isl --without-cloog --with-abi=aapcs-linux --with-cpu=cortex-a9 --with-fpu=vfpv3-d16 --with-float=hard --with-mode=arm --enable-languages=c,c++ --with-build-time-tools=/home/kdich/workspace/Dev/Zynq/buildroot/output_fax/host/arm-amneiht-linux-uclibcgnueabihf/bin --enable-shared --disable-libgomp
Thread model: posix
gcc version 8.3.0 (Buildroot 2020.05-git-00196-g3a630c5759-dirty) 
configure:2964: $? = 0
configure:2953: arm-linux-gcc -V >&5
arm-linux-gcc.br_real: error: unrecognized command line option '-V'
arm-linux-gcc.br_real: fatal error: no input files
compilation terminated.
configure:2964: $? = 1
configure:2953: arm-linux-gcc -qversion >&5
arm-linux-gcc.br_real: error: unrecognized command line option '-qversion'; did you mean '--version'?
arm-linux-gcc.br_real: fatal error: no input files
compilation terminated.
configure:2964: $? = 1
configure:2984: checking whether the C compiler works
configure:3006: arm-linux-gcc    conftest.c  >&5
configure:3010: $? = 0
configure:3058: result: yes
configure:3061: checking for C compiler default output file name
configure:3063: result: a.out
configure:3069: checking for suffix of executables
configure:3076: arm-linux-gcc -o conftest    conftest.c  >&5
configure:3080: $? = 0
configure:3102: result: 
configure:3124: checking whether we are cross compiling
configure:3132: arm-linux-gcc -o conftest    conftest.c  >&5
configure:3136: $? = 0
configure:3143: ./conftest
./configure: line 3145: ./conftest: cannot execute binary file: Exec format error
configure:3147: $? = 126
configure:3135: result: yes
configure:3140: checking for suffix of object files
configure:3162: arm-linux-gcc -c   conftest.c >&5
configure:3166: $? = 0
configure:3187: result: o
configure:3191: checking whether we are using the GNU C compiler
configure:3210: arm-linux-gcc -c   conftest.c >&5
configure:3210: $? = 0
configure:3219: result: yes
configure:3228: checking whether arm-linux-gcc accepts -g
configure:3248: arm-linux-gcc -c -g  conftest.c >&5
configure:3248: $? = 0
configure:3289: result: yes
configure:3306: checking for arm-linux-gcc option to accept ISO C89
configure:3369: arm-linux-gcc  -c -g -O2  conftest.c >&5
configure:3369: $? = 0
configure:3382: result: none needed
configure:3407: checking whether arm-linux-gcc understands -c and -o together
configure:3429: arm-linux-gcc -c conftest.c -o conftest2.o
configure:3432: $? = 0
configure:3429: arm-linux-gcc -c conftest.c -o conftest2.o
configure:3432: $? = 0
configure:3444: result: yes
configure:3472: checking for style of include used by make
configure:3500: result: GNU
configure:3526: checking dependency style of arm-linux-gcc
configure:3637: result: gcc3
configure:3658: checking for arm-linux-ar
configure:3674: found /home/amneiht/app/arm-amneiht-linux-uclibcgnueabihf_sdk-buildroot/bin/arm-linux-ar
configure:3685: result: arm-linux-ar
configure:3755: checking the archiver (arm-linux-ar) interface
configure:3771: arm-linux-gcc -c -g -O2  conftest.c >&5
configure:3771: $? = 0
configure:3773: arm-linux-ar cru libconftest.a conftest.o >&5
configure:3776: $? = 0
configure:3775: result: ar
configure:3798: checking for arm-linux-ranlib
configure:3814: found /home/amneiht/app/arm-amneiht-linux-uclibcgnueabihf_sdk-buildroot/bin/arm-linux-ranlib
configure:3825: result: arm-linux-ranlib
configure:3894: checking how to run the C preprocessor
configure:3925: arm-linux-gcc -E  conftest.c
configure:3925: $? = 0
configure:3939: arm-linux-gcc -E  conftest.c
conftest.c:11:10: fatal error: ac_nonexistent.h: No such file or directory
 #include <ac_nonexistent.h>
          ^~~~~~~~~~~~~~~~~~
compilation terminated.
configure:3939: $? = 1
configure: failed program was:
| /* confdefs.h */
| #define PACKAGE_NAME "FULL-PACKAGE-NAME"
| #define PACKAGE_TARNAME "full-package-name"
| #define PACKAGE_VERSION "VERSION"
| #define PACKAGE_STRING "FULL-PACKAGE-NAME VERSION"
| #define PACKAGE_BUGREPORT "BUG-REPORT-ADDRESS"
| #define PACKAGE_URL ""
| #define PACKAGE "full-package-name"
| #define VERSION "VERSION"
| /* end confdefs.h.  */
| #include <ac_nonexistent.h>
configure:3964: result: arm-linux-gcc -E
configure:3984: arm-linux-gcc -E  conftest.c
configure:3984: $? = 0
configure:3998: arm-linux-gcc -E  conftest.c
conftest.c:11:10: fatal error: ac_nonexistent.h: No such file or directory
 #include <ac_nonexistent.h>
          ^~~~~~~~~~~~~~~~~~
compilation terminated.
configure:3998: $? = 1
configure: failed program was:
| /* confdefs.h */
| #define PACKAGE_NAME "FULL-PACKAGE-NAME"
| #define PACKAGE_TARNAME "full-package-name"
| #define PACKAGE_VERSION "VERSION"
| #define PACKAGE_STRING "FULL-PACKAGE-NAME VERSION"
| #define PACKAGE_BUGREPORT "BUG-REPORT-ADDRESS"
| #define PACKAGE_URL ""
| #define PACKAGE "full-package-name"
| #define VERSION "VERSION"
| /* end confdefs.h.  */
| #include <ac_nonexistent.h>
configure:4027: checking for grep that handles long lines and -e
configure:4085: result: /bin/grep
configure:4090: checking for egrep
configure:4152: result: /bin/grep -E
configure:4157: checking for ANSI C header files
configure:4177: arm-linux-gcc -c -g -O2  conftest.c >&5
configure:4177: $? = 0
configure:4261: result: yes
configure:4274: checking for sys/types.h
configure:4274: arm-linux-gcc -c -g -O2  conftest.c >&5
configure:4274: $? = 0
configure:4274: result: yes
configure:4274: checking for sys/stat.h
configure:4274: arm-linux-gcc -c -g -O2  conftest.c >&5
configure:4274: $? = 0
configure:4274: result: yes
configure:4274: checking for stdlib.h
configure:4274: arm-linux-gcc -c -g -O2  conftest.c >&5
configure:4274: $? = 0
configure:4274: result: yes
configure:4274: checking for string.h
configure:4274: arm-linux-gcc -c -g -O2  conftest.c >&5
configure:4274: $? = 0
configure:4274: result: yes
configure:4274: checking for memory.h
configure:4274: arm-linux-gcc -c -g -O2  conftest.c >&5
configure:4274: $? = 0
configure:4274: result: yes
configure:4274: checking for strings.h
configure:4274: arm-linux-gcc -c -g -O2  conftest.c >&5
configure:4274: $? = 0
configure:4274: result: yes
configure:4274: checking for inttypes.h
configure:4274: arm-linux-gcc -c -g -O2  conftest.c >&5
configure:4274: $? = 0
configure:4274: result: yes
configure:4274: checking for stdint.h
configure:4274: arm-linux-gcc -c -g -O2  conftest.c >&5
configure:4274: $? = 0
configure:4274: result: yes
configure:4274: checking for unistd.h
configure:4274: arm-linux-gcc -c -g -O2  conftest.c >&5
configure:4274: $? = 0
configure:4274: result: yes
configure:4286: checking for uint16_t
configure:4286: arm-linux-gcc -c -g -O2  conftest.c >&5
configure:4286: $? = 0
configure:4286: result: yes
configure:4298: checking for uint64_t
configure:4298: arm-linux-gcc -c -g -O2  conftest.c >&5
configure:4298: $? = 0
configure:4298: result: yes
configure:4452: checking that generated files are newer than configure
configure:4458: result: done
configure:4481: creating ./config.status

## ---------------------- ##
## Running config.status. ##
## ---------------------- ##

This file was extended by FULL-PACKAGE-NAME config.status VERSION, which was
generated by GNU Autoconf 2.69.  Invocation command line was

  CONFIG_FILES    = 
  CONFIG_HEADERS  = 
  CONFIG_LINKS    = 
  CONFIG_COMMANDS = 
  $ ./config.status 

on gog

config.status:777: creating Makefile
config.status:777: creating build/Makefile
config.status:949: executing depfiles commands

## ---------------- ##
## Cache variables. ##
## ---------------- ##

ac_cv_c_compiler_gnu=yes
ac_cv_c_uint16_t=yes
ac_cv_c_uint64_t=yes
ac_cv_env_CC_set=
ac_cv_env_CC_value=
ac_cv_env_CFLAGS_set=
ac_cv_env_CFLAGS_value=
ac_cv_env_CPPFLAGS_set=
ac_cv_env_CPPFLAGS_value=
ac_cv_env_CPP_set=
ac_cv_env_CPP_value=
ac_cv_env_LDFLAGS_set=
ac_cv_env_LDFLAGS_value=
ac_cv_env_LIBS_set=
ac_cv_env_LIBS_value=
ac_cv_env_build_alias_set=
ac_cv_env_build_alias_value=
ac_cv_env_host_alias_set=set
ac_cv_env_host_alias_value=arm-linux
ac_cv_env_target_alias_set=
ac_cv_env_target_alias_value=
ac_cv_header_inttypes_h=yes
ac_cv_header_memory_h=yes
ac_cv_header_stdc=yes
ac_cv_header_stdint_h=yes
ac_cv_header_stdlib_h=yes
ac_cv_header_string_h=yes
ac_cv_header_strings_h=yes
ac_cv_header_sys_stat_h=yes
ac_cv_header_sys_types_h=yes
ac_cv_header_unistd_h=yes
ac_cv_objext=o
ac_cv_path_EGREP='/bin/grep -E'
ac_cv_path_GREP=/bin/grep
ac_cv_path_install='/usr/bin/install -c'
ac_cv_path_mkdir=/bin/mkdir
ac_cv_prog_AR=arm-linux-ar
ac_cv_prog_AWK=gawk
ac_cv_prog_CC=arm-linux-gcc
ac_cv_prog_CPP='arm-linux-gcc -E'
ac_cv_prog_RANLIB=arm-linux-ranlib
ac_cv_prog_STRIP=arm-linux-strip
ac_cv_prog_cc_c89=
ac_cv_prog_cc_g=yes
ac_cv_prog_make_make_set=yes
am_cv_CC_dependencies_compiler_type=gcc3
am_cv_ar_interface=ar
am_cv_make_support_nested_variables=yes
am_cv_prog_cc_c_o=yes

## ----------------- ##
## Output variables. ##
## ----------------- ##

ACLOCAL='${SHELL} /home/amneiht/app/code/eclipse-workspace/usbfs/usb_device/missing aclocal-1.15'
AMDEPBACKSLASH='\'
AMDEP_FALSE='#'
AMDEP_TRUE=''
AMTAR='$${TAR-tar}'
AM_BACKSLASH='\'
AM_DEFAULT_V='$(AM_DEFAULT_VERBOSITY)'
AM_DEFAULT_VERBOSITY='0'
AM_V='$(V)'
AR='arm-linux-ar'
AUTOCONF='${SHELL} /home/amneiht/app/code/eclipse-workspace/usbfs/usb_device/missing autoconf'
AUTOHEADER='${SHELL} /home/amneiht/app/code/eclipse-workspace/usbfs/usb_device/missing autoheader'
AUTOMAKE='${SHELL} /home/amneiht/app/code/eclipse-workspace/usbfs/usb_device/missing automake-1.15'
AWK='gawk'
CC='arm-linux-gcc'
CCDEPMODE='depmode=gcc3'
CFLAGS='-g -O2'
CPP='arm-linux-gcc -E'
CPPFLAGS=''
CYGPATH_W='echo'
DEFS='-DPACKAGE_NAME=\"FULL-PACKAGE-NAME\" -DPACKAGE_TARNAME=\"full-package-name\" -DPACKAGE_VERSION=\"VERSION\" -DPACKAGE_STRING=\"FULL-PACKAGE-NAME\ VERSION\" -DPACKAGE_BUGREPORT=\"BUG-REPORT-ADDRESS\" -DPACKAGE_URL=\"\" -DPACKAGE=\"full-package-name\" -DVERSION=\"VERSION\" -DSTDC_HEADERS=1 -DHAVE_SYS_TYPES_H=1 -DHAVE_SYS_STAT_H=1 -DHAVE_STDLIB_H=1 -DHAVE_STRING_H=1 -DHAVE_MEMORY_H=1 -DHAVE_STRINGS_H=1 -DHAVE_INTTYPES_H=1 -DHAVE_STDINT_H=1 -DHAVE_UNISTD_H=1'
DEPDIR='.deps'
ECHO_C=''
ECHO_N='-n'
ECHO_T=''
EGREP='/bin/grep -E'
EXEEXT=''
GREP='/bin/grep'
INSTALL_DATA='${INSTALL} -m 644'
INSTALL_PROGRAM='${INSTALL}'
INSTALL_SCRIPT='${INSTALL}'
INSTALL_STRIP_PROGRAM='$(install_sh) -c -s'
LDFLAGS=''
LIBOBJS=''
LIBS=''
LTLIBOBJS=''
MAKEINFO='${SHELL} /home/amneiht/app/code/eclipse-workspace/usbfs/usb_device/missing makeinfo'
MKDIR_P='/bin/mkdir -p'
OBJEXT='o'
PACKAGE='full-package-name'
PACKAGE_BUGREPORT='BUG-REPORT-ADDRESS'
PACKAGE_NAME='FULL-PACKAGE-NAME'
PACKAGE_STRING='FULL-PACKAGE-NAME VERSION'
PACKAGE_TARNAME='full-package-name'
PACKAGE_URL=''
PACKAGE_VERSION='VERSION'
PATH_SEPARATOR=':'
RANLIB='arm-linux-ranlib'
SET_MAKE=''
SHELL='/bin/bash'
STRIP='arm-linux-strip'
VERSION='VERSION'
ac_ct_AR=''
ac_ct_CC=''
am__EXEEXT_FALSE=''
am__EXEEXT_TRUE='#'
am__fastdepCC_FALSE='#'
am__fastdepCC_TRUE=''
am__include='include'
am__isrc=''
am__leading_dot='.'
am__nodep='_no'
am__quote=''
am__tar='$${TAR-tar} chof - "$$tardir"'
am__untar='$${TAR-tar} xf -'
bindir='${exec_prefix}/bin'
build_alias=''
datadir='${datarootdir}'
datarootdir='${prefix}/share'
docdir='${datarootdir}/doc/${PACKAGE_TARNAME}'
dvidir='${docdir}'
exec_prefix='${prefix}'
host_alias='arm-linux'
htmldir='${docdir}'
includedir='${prefix}/include'
infodir='${datarootdir}/info'
install_sh='${SHELL} /home/amneiht/app/code/eclipse-workspace/usbfs/usb_device/install-sh'
libdir='${exec_prefix}/lib'
libexecdir='${exec_prefix}/libexec'
localedir='${datarootdir}/locale'
localstatedir='${prefix}/var'
mandir='${datarootdir}/man'
mkdir_p='$(MKDIR_P)'
oldincludedir='/usr/include'
pdfdir='${docdir}'
prefix='/usr/local'
program_transform_name='s,x,x,'
psdir='${docdir}'
sbindir='${exec_prefix}/sbin'
sharedstatedir='${prefix}/com'
sysconfdir='${prefix}/etc'
target_alias=''

## ----------- ##
## confdefs.h. ##
## ----------- ##

/* confdefs.h */
#define PACKAGE_NAME "FULL-PACKAGE-NAME"
#define PACKAGE_TARNAME "full-package-name"
#define PACKAGE_VERSION "VERSION"
#define PACKAGE_STRING "FULL-PACKAGE-NAME VERSION"
#define PACKAGE_BUGREPORT "BUG-REPORT-ADDRESS"
#define PACKAGE_URL ""
#define PACKAGE "full-package-name"
#define VERSION "VERSION"
#define STDC_HEADERS 1
#define HAVE_SYS_TYPES_H 1
#define HAVE_SYS_STAT_H 1
#define HAVE_STDLIB_H 1
#define HAVE_STRING_H 1
#define HAVE_MEMORY_H 1
#define HAVE_STRINGS_H 1
#define HAVE_INTTYPES_H 1
#define HAVE_STDINT_H 1
#define HAVE_UNISTD_H 1

configure: exit 0
